<?xml version="1.0" encoding="UTF-8"?>
<!-- Generated by org.testng.reporters.JUnitXMLReporter -->
<testsuite ignored="4" hostname="LAPTOP-AG5E0IRO" failures="0" tests="0" time="0.013" errors="0" timestamp="2021-07-06T11:43:16 IST">
  <testcase classname="myFramweork.BaseTest" name="@BeforeSuite setup" time="-1.625551996372E9">
    <failure type="org.testng.TestNGException" message="
Parameter &amp;apos;browser&amp;apos; is required by BeforeSuite on method setup but has not been marked @Optional or defined
in C:\Users\khare\AppData\Local\Temp\testng-eclipse-900789660\testng-customsuite.xml">
      <![CDATA[org.testng.TestNGException: 
Parameter 'browser' is required by BeforeSuite on method setup but has not been marked @Optional or defined
in C:\Users\khare\AppData\Local\Temp\testng-eclipse-900789660\testng-customsuite.xml
at org.testng.internal.Parameters.createParams(Parameters.java:272)
at org.testng.internal.Parameters.createParametersForMethod(Parameters.java:360)
at org.testng.internal.Parameters.createParameters(Parameters.java:704)
at org.testng.internal.Parameters.createConfigurationParameters(Parameters.java:166)
at org.testng.internal.ConfigInvoker.invokeConfigurations(ConfigInvoker.java:283)
at org.testng.SuiteRunner.privateRun(SuiteRunner.java:327)
at org.testng.SuiteRunner.run(SuiteRunner.java:286)
at org.testng.SuiteRunnerWorker.runSuite(SuiteRunnerWorker.java:53)
at org.testng.SuiteRunnerWorker.run(SuiteRunnerWorker.java:96)
at org.testng.TestNG.runSuitesSequentially(TestNG.java:1187)
at org.testng.TestNG.runSuitesLocally(TestNG.java:1109)
at org.testng.TestNG.runSuites(TestNG.java:1039)
at org.testng.TestNG.run(TestNG.java:1007)
at org.testng.remote.AbstractRemoteTestNG.run(AbstractRemoteTestNG.java:115)
at org.testng.remote.RemoteTestNG.initAndRun(RemoteTestNG.java:251)
at org.testng.remote.RemoteTestNG.main(RemoteTestNG.java:77)
]]>
    </failure>
  </testcase> <!-- @BeforeSuite setup -->
  <testcase classname="myFramweork.BaseTest" name="@BeforeTest LaunchApplication" time="-1.625551996385E9">
    <skipped/>
  </testcase> <!-- @BeforeTest LaunchApplication -->
  <testcase classname="myFramweork.BaseTest" name="@AfterTest TearDown" time="-1.625551996395E9">
    <skipped/>
  </testcase> <!-- @AfterTest TearDown -->
  <testcase classname="myFramweork.TestNGdemo" name="fbLogin" time="0.0">
    <ignored/>
  </testcase> <!-- fbLogin -->
  <testcase classname="myFramweork.TestNGdemo" name="verifymicbtnk" time="0.0">
    <ignored/>
  </testcase> <!-- verifymicbtnk -->
  <testcase classname="myFramweork.TestNGdemo" name="verifySearchBtn" time="0.0">
    <ignored/>
  </testcase> <!-- verifySearchBtn -->
  <testcase classname="myFramweork.TestNGdemo" name="GmailLogin" time="0.0">
    <ignored/>
  </testcase> <!-- GmailLogin -->
</testsuite>
